{"d:\\Projects\\yenv\\lib\\yenv.js":{"path":"d:\\Projects\\yenv\\lib\\yenv.js","s":{"1":1,"2":1,"3":1,"4":6,"5":1,"6":6,"7":6,"8":6,"9":6,"10":6,"11":1,"12":5,"13":5,"14":5,"15":5},"b":{"1":[6,1],"2":[6,3],"3":[6,6],"4":[1,5]},"f":{"1":6,"2":6},"fnMap":{"1":{"name":"applyEnv","line":26,"loc":{"start":{"line":26,"column":0},"end":{"line":26,"column":34}}},"2":{"name":"yenv","line":73,"loc":{"start":{"line":73,"column":17},"end":{"line":76,"column":2}}}},"statementMap":{"1":{"start":{"line":9,"column":0},"end":{"line":9,"column":32}},"2":{"start":{"line":10,"column":0},"end":{"line":10,"column":25}},"3":{"start":{"line":26,"column":0},"end":{"line":28,"column":1}},"4":{"start":{"line":27,"column":2},"end":{"line":27,"column":43}},"5":{"start":{"line":73,"column":0},"end":{"line":97,"column":2}},"6":{"start":{"line":77,"column":2},"end":{"line":77,"column":36}},"7":{"start":{"line":78,"column":2},"end":{"line":80,"column":17}},"8":{"start":{"line":82,"column":2},"end":{"line":84,"column":11}},"9":{"start":{"line":87,"column":2},"end":{"line":87,"column":54}},"10":{"start":{"line":90,"column":2},"end":{"line":90,"column":53}},"11":{"start":{"line":90,"column":17},"end":{"line":90,"column":53}},"12":{"start":{"line":92,"column":2},"end":{"line":92,"column":41}},"13":{"start":{"line":93,"column":2},"end":{"line":93,"column":43}},"14":{"start":{"line":94,"column":2},"end":{"line":94,"column":37}},"15":{"start":{"line":96,"column":2},"end":{"line":96,"column":45}}},"branchMap":{"1":{"line":77,"type":"binary-expr","locations":[{"start":{"line":77,"column":13},"end":{"line":77,"column":21}},{"start":{"line":77,"column":25},"end":{"line":77,"column":35}}]},"2":{"line":80,"type":"binary-expr","locations":[{"start":{"line":80,"column":5},"end":{"line":80,"column":9}},{"start":{"line":80,"column":13},"end":{"line":80,"column":15}}]},"3":{"line":83,"type":"binary-expr","locations":[{"start":{"line":83,"column":9},"end":{"line":83,"column":32}},{"start":{"line":83,"column":36},"end":{"line":83,"column":49}}]},"4":{"line":90,"type":"if","locations":[{"start":{"line":90,"column":2},"end":{"line":90,"column":2}},{"start":{"line":90,"column":2},"end":{"line":90,"column":2}}]}}}}